inettibeacon/build/android/app/build/intermediates/manifest_merge_blame_file/debug/manifest-merger-blame-debug-report.txt
1<?xml version="1.0" encoding="utf-8"?>
2<manifest xmlns:android="http://schemas.android.com/apk/res/android"
3    package="com.appcelerator.InetTiBeacon"
4    android:versionCode="1"
5    android:versionName="1.0.5" >
6
7    <uses-sdk
8        android:minSdkVersion="21"
8-->src\debug\AndroidManifest.xml:3:17-43
9        android:targetSdkVersion="31" />
9-->src\debug\AndroidManifest.xml:3:44-73
10
11    <uses-permission
11-->src\debug\AndroidManifest.xml:19:7-69
12        android:name="android.permission.BLUETOOTH"
12-->src\debug\AndroidManifest.xml:19:24-67
13        android:required="false" />
13-->[org.altbeacon:android-beacon-library:2.19.3] AndroidManifest.xml:12:9-33
14    <uses-permission
14-->src\debug\AndroidManifest.xml:20:7-75
15        android:name="android.permission.BLUETOOTH_ADMIN"
15-->src\debug\AndroidManifest.xml:20:24-73
16        android:required="false" />
16-->[org.altbeacon:android-beacon-library:2.19.3] AndroidManifest.xml:15:9-33
17    <uses-permission android:name="android.permission.ACCESS_FINE_LOCATION" />
17-->src\debug\AndroidManifest.xml:21:7-80
17-->src\debug\AndroidManifest.xml:21:24-78
18    <uses-permission android:name="com.google.android.finsky.permission.BIND_GET_INSTALL_REFERRER_SERVICE" />
18-->src\debug\AndroidManifest.xml:22:7-111
18-->src\debug\AndroidManifest.xml:22:24-109
19    <uses-permission android:name="com.google.android.gms.permission.AD_ID" />
19-->src\debug\AndroidManifest.xml:23:7-80
19-->src\debug\AndroidManifest.xml:23:24-78
20    <uses-permission android:name="android.permission.BLUETOOTH_SCAN" />
20-->src\debug\AndroidManifest.xml:24:7-74
20-->src\debug\AndroidManifest.xml:24:24-72
21    <uses-permission android:name="android.permission.BLUETOOTH_CONNECT" />
21-->src\debug\AndroidManifest.xml:25:7-77
21-->src\debug\AndroidManifest.xml:25:24-75
22    <!--
23        <uses-permission
24        android:name="android.permission.ACCESS_BACKGROUND_LOCATION"/>
25    -->
26    <uses-permission android:name="android.permission.INTERNET" />
26-->src\main\AndroidManifest.xml:6:2-63
26-->src\main\AndroidManifest.xml:6:19-61
27    <uses-permission android:name="android.permission.ACCESS_WIFI_STATE" />
27-->src\main\AndroidManifest.xml:10:2-72
27-->src\main\AndroidManifest.xml:10:19-70
28    <uses-permission android:name="android.permission.ACCESS_NETWORK_STATE" />
28-->src\main\AndroidManifest.xml:14:2-75
28-->src\main\AndroidManifest.xml:14:19-73
29    <uses-permission android:name="android.permission.ACCESS_COARSE_LOCATION" />
29-->[ti:bluetooth:4.0.1] AndroidManifest.xml:13:5-81
29-->[ti:bluetooth:4.0.1] AndroidManifest.xml:13:22-78
30
31    <uses-feature
31-->[ti:bluetooth:4.0.1] AndroidManifest.xml:15:5-17:35
32        android:name="android.hardware.bluetooth_le"
32-->[ti:bluetooth:4.0.1] AndroidManifest.xml:16:9-53
33        android:required="true" />
33-->[ti:bluetooth:4.0.1] AndroidManifest.xml:17:9-32
34
35    <uses-permission android:name="android.permission.RECEIVE_BOOT_COMPLETED" />
35-->[org.altbeacon:android-beacon-library:2.19.3] AndroidManifest.xml:16:5-81
35-->[org.altbeacon:android-beacon-library:2.19.3] AndroidManifest.xml:16:22-78
36
37    <queries>
37-->[androidx.media:media:1.4.1] AndroidManifest.xml:24:5-28:15
38        <intent>
38-->[androidx.media:media:1.4.1] AndroidManifest.xml:25:9-27:18
39            <action android:name="android.media.browse.MediaBrowserService" />
39-->[androidx.media:media:1.4.1] AndroidManifest.xml:26:13-79
39-->[androidx.media:media:1.4.1] AndroidManifest.xml:26:21-76
40        </intent>
41    </queries> <!-- for beacon permission -->
42    <application
42-->src\main\AndroidManifest.xml:20:2-31:16
43        android:name="com.appcelerator.InetTiBeacon.InettibeaconApplication"
43-->src\main\AndroidManifest.xml:20:77-115
44        android:appComponentFactory="androidx.core.app.CoreComponentFactory"
44-->[androidx.core:core:1.6.0] AndroidManifest.xml:24:18-86
45        android:debuggable="true"
46        android:icon="@drawable/appicon"
46-->src\main\AndroidManifest.xml:20:15-47
47        android:label="InetTiBeacon"
47-->src\main\AndroidManifest.xml:20:48-76
48        android:theme="@style/Theme.Titanium.App"
48-->src\main\AndroidManifest.xml:20:152-193
49        android:usesCleartextTraffic="true" >
49-->src\main\AndroidManifest.xml:20:116-151
50
51        <!--
52        <activity android:name=".MainActivity" android:exported="true">
53        </activity>
54        -->
55        <service
55-->src\debug\AndroidManifest.xml:10:9-187
56            android:name="com.radiusnetworks.ibeacon.service.IBeaconService"
56-->src\debug\AndroidManifest.xml:10:121-185
57            android:enabled="true"
57-->src\debug\AndroidManifest.xml:10:18-40
58            android:exported="true"
58-->src\debug\AndroidManifest.xml:10:41-64
59            android:isolatedProcess="false"
59-->src\debug\AndroidManifest.xml:10:65-96
60            android:label="iBeacon" />
60-->src\debug\AndroidManifest.xml:10:97-120
61        <service
61-->src\debug\AndroidManifest.xml:11:9-17:19
62            android:name="com.radiusnetworks.ibeacon.IBeaconIntentProcessor"
62-->src\debug\AndroidManifest.xml:11:65-129
63            android:enabled="true"
63-->src\debug\AndroidManifest.xml:11:18-40
64            android:exported="true" >
64-->src\debug\AndroidManifest.xml:11:41-64
65            <meta-data
65-->src\debug\AndroidManifest.xml:12:11-70
66                android:name="background"
66-->src\debug\AndroidManifest.xml:12:22-47
67                android:value="true" />
67-->src\debug\AndroidManifest.xml:12:48-68
68
69            <intent-filter android:priority="1" >
69-->src\debug\AndroidManifest.xml:13:11-16:27
69-->src\debug\AndroidManifest.xml:13:26-46
70                <action android:name="com.appcelerator.InetTiBeacon.DID_RANGING" />
70-->src\debug\AndroidManifest.xml:14:13-79
70-->src\debug\AndroidManifest.xml:14:21-77
71                <action android:name="com.appcelerator.InetTiBeacon.DID_MONITORING" />
71-->src\debug\AndroidManifest.xml:15:13-82
71-->src\debug\AndroidManifest.xml:15:21-80
72            </intent-filter>
73        </service>
74
75        <activity
76            android:name="com.appcelerator.InetTiBeacon.InettibeaconActivity"
77            android:alwaysRetainTaskState="true"
78            android:configChanges="density|fontScale|keyboard|keyboardHidden|layoutDirection|locale|mcc|mnc|navigation|orientation|screenLayout|screenSize|smallestScreenSize|touchscreen|uiMode"
79            android:exported="true"
80            android:label="@string/app_name"
81            android:theme="@style/Theme.Titanium" >
82            <intent-filter>
83                <action android:name="android.intent.action.MAIN" />
84
85                <category android:name="android.intent.category.LAUNCHER" />
86            </intent-filter>
87        </activity>
88
89        <receiver
89-->[ti:bluetooth:4.0.1] AndroidManifest.xml:20:9-28:20
90            android:name="ti.bluetooth.ti.bluetooth.broadcastReceiver.TiBluetoohBroadcastReceiver"
90-->[ti:bluetooth:4.0.1] AndroidManifest.xml:21:13-99
91            android:enabled="true"
91-->[ti:bluetooth:4.0.1] AndroidManifest.xml:22:13-35
92            android:exported="true" >
92-->[ti:bluetooth:4.0.1] AndroidManifest.xml:23:13-36
93            <intent-filter>
93-->[ti:bluetooth:4.0.1] AndroidManifest.xml:24:13-27:29
94                <action android:name="android.bluetooth.adapter.action.STATE_CHANGED" />
94-->[ti:bluetooth:4.0.1] AndroidManifest.xml:25:17-89
94-->[ti:bluetooth:4.0.1] AndroidManifest.xml:25:25-86
95                <action android:name="android.bluetooth.device.action.BOND_STATE_CHANGED" />
95-->[ti:bluetooth:4.0.1] AndroidManifest.xml:26:17-93
95-->[ti:bluetooth:4.0.1] AndroidManifest.xml:26:25-90
96            </intent-filter>
97        </receiver>
98
99        <activity
99-->[org.appcelerator:titanium:10.1.1] AndroidManifest.xml:10:9-13:40
100            android:name="org.appcelerator.titanium.TiActivity"
100-->[org.appcelerator:titanium:10.1.1] AndroidManifest.xml:11:13-64
101            android:configChanges="density|fontScale|keyboard|keyboardHidden|layoutDirection|locale|mcc|mnc|navigation|orientation|screenLayout|screenSize|smallestScreenSize|touchscreen|uiMode"
101-->[org.appcelerator:titanium:10.1.1] AndroidManifest.xml:12:13-194
102            android:exported="false" />
102-->[org.appcelerator:titanium:10.1.1] AndroidManifest.xml:13:13-37
103        <activity
103-->[org.appcelerator:titanium:10.1.1] AndroidManifest.xml:14:9-18:67
104            android:name="org.appcelerator.titanium.TiTranslucentActivity"
104-->[org.appcelerator:titanium:10.1.1] AndroidManifest.xml:15:13-75
105            android:configChanges="density|fontScale|keyboard|keyboardHidden|layoutDirection|locale|mcc|mnc|navigation|orientation|screenLayout|screenSize|smallestScreenSize|touchscreen|uiMode"
105-->[org.appcelerator:titanium:10.1.1] AndroidManifest.xml:16:13-194
106            android:exported="false"
106-->[org.appcelerator:titanium:10.1.1] AndroidManifest.xml:17:13-37
107            android:theme="@style/Theme.AppDerived.Translucent" />
107-->[org.appcelerator:titanium:10.1.1] AndroidManifest.xml:18:13-64
108        <activity
108-->[org.appcelerator:titanium:10.1.1] AndroidManifest.xml:19:9-23:69
109            android:name="ti.modules.titanium.media.TiCameraActivity"
109-->[org.appcelerator:titanium:10.1.1] AndroidManifest.xml:20:13-70
110            android:configChanges="density|fontScale|keyboard|keyboardHidden|layoutDirection|locale|mcc|mnc|navigation|orientation|screenLayout|screenSize|smallestScreenSize|touchscreen|uiMode"
110-->[org.appcelerator:titanium:10.1.1] AndroidManifest.xml:21:13-194
111            android:exported="false"
111-->[org.appcelerator:titanium:10.1.1] AndroidManifest.xml:22:13-37
112            android:theme="@style/Theme.Titanium.Dark.Fullscreen" />
112-->[org.appcelerator:titanium:10.1.1] AndroidManifest.xml:23:13-66
113        <activity
113-->[org.appcelerator:titanium:10.1.1] AndroidManifest.xml:24:9-28:66
114            android:name="ti.modules.titanium.media.TiVideoActivity"
114-->[org.appcelerator:titanium:10.1.1] AndroidManifest.xml:25:13-69
115            android:configChanges="density|fontScale|keyboard|keyboardHidden|layoutDirection|locale|mcc|mnc|navigation|orientation|screenLayout|screenSize|smallestScreenSize|touchscreen|uiMode"
115-->[org.appcelerator:titanium:10.1.1] AndroidManifest.xml:26:13-194
116            android:exported="false"
116-->[org.appcelerator:titanium:10.1.1] AndroidManifest.xml:27:13-37
117            android:theme="@style/Theme.AppDerived.Fullscreen" />
117-->[org.appcelerator:titanium:10.1.1] AndroidManifest.xml:28:13-63
118        <activity
118-->[org.appcelerator:titanium:10.1.1] AndroidManifest.xml:29:9-31:40
119            android:name="ti.modules.titanium.ui.android.TiPreferencesActivity"
119-->[org.appcelerator:titanium:10.1.1] AndroidManifest.xml:30:13-80
120            android:exported="false" />
120-->[org.appcelerator:titanium:10.1.1] AndroidManifest.xml:31:13-37
121
122        <provider
122-->[org.appcelerator:titanium:10.1.1] AndroidManifest.xml:33:9-37:50
123            android:name="org.appcelerator.titanium.io.TiFileProvider"
123-->[org.appcelerator:titanium:10.1.1] AndroidManifest.xml:34:13-71
124            android:authorities="com.appcelerator.InetTiBeacon.tifileprovider"
124-->[org.appcelerator:titanium:10.1.1] AndroidManifest.xml:35:13-66
125            android:exported="false"
125-->[org.appcelerator:titanium:10.1.1] AndroidManifest.xml:36:13-37
126            android:grantUriPermissions="true" />
126-->[org.appcelerator:titanium:10.1.1] AndroidManifest.xml:37:13-47
127
128        <service
128-->[org.appcelerator:titanium:10.1.1] AndroidManifest.xml:39:9-42:72
129            android:name="com.appcelerator.aps.APSAnalyticsService"
129-->[org.appcelerator:titanium:10.1.1] AndroidManifest.xml:40:13-68
130            android:exported="false"
130-->[org.appcelerator:titanium:10.1.1] AndroidManifest.xml:41:13-37
131            android:permission="android.permission.BIND_JOB_SERVICE" />
131-->[org.appcelerator:titanium:10.1.1] AndroidManifest.xml:42:13-69
132
133        <receiver
133-->[org.altbeacon:android-beacon-library:2.19.3] AndroidManifest.xml:20:9-28:20
134            android:name="org.altbeacon.beacon.startup.StartupBroadcastReceiver"
134-->[org.altbeacon:android-beacon-library:2.19.3] AndroidManifest.xml:21:13-81
135            android:exported="false" >
135-->[org.altbeacon:android-beacon-library:2.19.3] AndroidManifest.xml:22:13-37
136            <intent-filter>
136-->[org.altbeacon:android-beacon-library:2.19.3] AndroidManifest.xml:23:13-27:29
137                <action android:name="android.intent.action.BOOT_COMPLETED" />
137-->[org.altbeacon:android-beacon-library:2.19.3] AndroidManifest.xml:24:17-79
137-->[org.altbeacon:android-beacon-library:2.19.3] AndroidManifest.xml:24:25-76
138                <action android:name="android.intent.action.ACTION_POWER_CONNECTED" />
138-->[org.altbeacon:android-beacon-library:2.19.3] AndroidManifest.xml:25:17-87
138-->[org.altbeacon:android-beacon-library:2.19.3] AndroidManifest.xml:25:25-84
139                <action android:name="android.intent.action.ACTION_POWER_DISCONNECTED" />
139-->[org.altbeacon:android-beacon-library:2.19.3] AndroidManifest.xml:26:17-90
139-->[org.altbeacon:android-beacon-library:2.19.3] AndroidManifest.xml:26:25-87
140            </intent-filter>
141        </receiver>
142
143        <service
143-->[org.altbeacon:android-beacon-library:2.19.3] AndroidManifest.xml:30:9-35:38
144            android:name="org.altbeacon.beacon.service.BeaconService"
144-->[org.altbeacon:android-beacon-library:2.19.3] AndroidManifest.xml:31:13-70
145            android:enabled="true"
145-->[org.altbeacon:android-beacon-library:2.19.3] AndroidManifest.xml:32:13-35
146            android:exported="false"
146-->[org.altbeacon:android-beacon-library:2.19.3] AndroidManifest.xml:33:13-37
147            android:isolatedProcess="false"
147-->[org.altbeacon:android-beacon-library:2.19.3] AndroidManifest.xml:34:13-44
148            android:label="beacon" />
148-->[org.altbeacon:android-beacon-library:2.19.3] AndroidManifest.xml:35:13-35
149        <service
149-->[org.altbeacon:android-beacon-library:2.19.3] AndroidManifest.xml:36:9-39:40
150            android:name="org.altbeacon.beacon.BeaconIntentProcessor"
150-->[org.altbeacon:android-beacon-library:2.19.3] AndroidManifest.xml:37:13-70
151            android:enabled="true"
151-->[org.altbeacon:android-beacon-library:2.19.3] AndroidManifest.xml:38:13-35
152            android:exported="false" />
152-->[org.altbeacon:android-beacon-library:2.19.3] AndroidManifest.xml:39:13-37
153        <service
153-->[org.altbeacon:android-beacon-library:2.19.3] AndroidManifest.xml:40:9-50:19
154            android:name="org.altbeacon.beacon.service.ScanJob"
154-->[org.altbeacon:android-beacon-library:2.19.3] AndroidManifest.xml:41:13-64
155            android:exported="false"
155-->[org.altbeacon:android-beacon-library:2.19.3] AndroidManifest.xml:42:13-37
156            android:permission="android.permission.BIND_JOB_SERVICE" >
156-->[org.altbeacon:android-beacon-library:2.19.3] AndroidManifest.xml:43:13-69
157            <meta-data
157-->[org.altbeacon:android-beacon-library:2.19.3] AndroidManifest.xml:44:13-46:45
158                android:name="immediateScanJobId"
158-->[org.altbeacon:android-beacon-library:2.19.3] AndroidManifest.xml:45:17-50
159                android:value="208352939" />
159-->[org.altbeacon:android-beacon-library:2.19.3] AndroidManifest.xml:46:17-42
160            <meta-data
160-->[org.altbeacon:android-beacon-library:2.19.3] AndroidManifest.xml:47:13-49:45
161                android:name="periodicScanJobId"
161-->[org.altbeacon:android-beacon-library:2.19.3] AndroidManifest.xml:48:17-49
162                android:value="208352940" />
162-->[org.altbeacon:android-beacon-library:2.19.3] AndroidManifest.xml:49:17-42
163        </service>
164        <service
164-->[org.altbeacon:android-beacon-library:2.19.3] AndroidManifest.xml:51:9-58:19
165            android:name="org.altbeacon.bluetooth.BluetoothTestJob"
165-->[org.altbeacon:android-beacon-library:2.19.3] AndroidManifest.xml:52:13-68
166            android:exported="false"
166-->[org.altbeacon:android-beacon-library:2.19.3] AndroidManifest.xml:53:13-37
167            android:permission="android.permission.BIND_JOB_SERVICE" >
167-->[org.altbeacon:android-beacon-library:2.19.3] AndroidManifest.xml:54:13-69
168            <meta-data
168-->[org.altbeacon:android-beacon-library:2.19.3] AndroidManifest.xml:55:13-57:46
169                android:name="jobId"
169-->[org.altbeacon:android-beacon-library:2.19.3] AndroidManifest.xml:56:17-37
170                android:value="1799803768" />
170-->[org.altbeacon:android-beacon-library:2.19.3] AndroidManifest.xml:57:17-43
171        </service>
172    </application>
173
174</manifest>